<?xml version="1.0" encoding="UTF-8"?>
<testng-results skipped="0" failed="0" total="1" passed="1">
  <reporter-output>
  </reporter-output>
  <suite name="Default suite" duration-ms="9917" started-at="2023-03-12T11:06:30Z" finished-at="2023-03-12T11:06:40Z">
    <groups>
    </groups>
    <test name="Default test" duration-ms="9917" started-at="2023-03-12T11:06:30Z" finished-at="2023-03-12T11:06:40Z">
      <class name="com.selenium.testng.TestNgBasicDemo">
        <test-method status="PASS" signature="browserOpen()[pri:0, instance:com.selenium.testng.TestNgBasicDemo@3ecf72fd]" name="browserOpen" is-config="true" duration-ms="2594" started-at="2023-03-12T16:36:28Z" finished-at="2023-03-12T16:36:30Z">
          <reporter-output>
          </reporter-output>
        </test-method> <!-- browserOpen -->
        <test-method status="PASS" signature="framesTest()[pri:0, instance:com.selenium.testng.TestNgBasicDemo@3ecf72fd]" name="framesTest" duration-ms="9907" started-at="2023-03-12T16:36:30Z" finished-at="2023-03-12T16:36:40Z">
          <reporter-output>
          </reporter-output>
        </test-method> <!-- framesTest -->
        <test-method status="PASS" signature="closeBrowser()[pri:0, instance:com.selenium.testng.TestNgBasicDemo@3ecf72fd]" name="closeBrowser" is-config="true" duration-ms="230" started-at="2023-03-12T16:36:40Z" finished-at="2023-03-12T16:36:40Z">
          <reporter-output>
          </reporter-output>
        </test-method> <!-- closeBrowser -->
      </class> <!-- com.selenium.testng.TestNgBasicDemo -->
    </test> <!-- Default test -->
  </suite> <!-- Default suite -->
</testng-results>
